91
46029
299853.1 280337.9
am012
349574.0 290776.0
am169
351043.4 286408.1
bnvo3
495756.4 219755.8
bono3
495777 219817
bvao3
402526    282893
cacc1
329926.9 -523601.6
camw1
463522.0 213761.4
cbnc3
361994.2 287309.1
cccc1
302012.6 -207406.4
ccho3
297606.8 -27291.6
chnke
342163.0 298598.0
clso3
432367.0 222071.0
cmoc1
484168.4 -786334.9
cnbw1
304358.2 530545.0
cnsc1
293469.6 -314432.6
coaof
357069.0 287180.0
coaww
357009.0 287151.0
cpoo3
282307.9 -94885.5
csbo3
325601.4 112669.8
cwbw1
344739.9 343735.4
dpdbl
576444.1 -944235.5
dpgrs
324146.9 361171.4
dprys
346725.0 -632519.9
dsdma
343205.0 290091.0
eliot
369566.2 292736.7
frost
321885.0 293749.0
grays
357926.0 294761.0
hmndb
343386 287543
jetta
337022    294843
lngw1
421259.0 272766.0
lonw1
419421.8 274227.2
lwsck
350300.1 281825.9
marsh
368985.0 287756.0
moro3
440236.0 208048.0
mottb
359101.0 285529.0
nb211
324506.5 361522.5
nb243
329826.5 289602.7
nbd12
397020.4 -699680.7
nbd13
360231.0 -601120.0
nbd14
308592.2 -488461.6
nbd15
253452.1 -92281.2
nbd22
269221.5 -319250.6
nbd26
403632.7 -656205.8
nbd27
287107.5 -194209.1
nbd28
482348.7 -883422.8
nbd29
299853.1 280337.9
nbd41
288458.4 416759.7
nbd42
436493.1 -769097.1
nbd50
289996.2 113925.0
nbd62
562513.4 -956350.1
nh10
307889.0 115682.0
ogi01
318409.4 270364.8
ogi02
330029.0 284648.5
red26
343400.0 288056.0
risec
324382.2 284404.5
risen
317623.2 314805.1
rises
331142.8 271404.7
rpto3
425269.9 228297.0
sandi
341256.5 293570.6
sat01
349653.0 290854.0
sat02
330029.0 284648.5
sat03
344241.0 287160.0
sat04
359101.0 285529.0
sat05
402233.1 283266.4
sat06
440234.0 207981.0
saturn01
349653.0 290854.0
saturn02
330029.0 284648.5
saturn03
344208    287180 
saturn04
358251 287012
saturn05
402233.1 283266.4
saturn06
440234.0 207981.0
saturn07
338788 297068
saturn08
463056 214000
skaw1
381617.4 293059.4
stho3
431430.0 246837.0
sveni
366504    284070
tansy
345784.0 285882.0
tnslh
380769.3 289948.7
tpoin
357450    287571
vanw1
440731.4 218969.1
vapw1
439855.0 219052.1
vncw1
440276.0 219089.0
waro3
491122.0 217617.0
wauo3
385733    281232
wilo3
444371.0 190128.0
woody
375759.1 291725.7
yacht
352094.0 283512.0
yb101
349589.6 284350.8
bbco3
497363 220801
ncbn1
344755 291695
